<?xml version="1.0" encoding="UTF-8"?>
<testng-results ignored="0" total="1" passed="1" failed="0" skipped="0">
  <reporter-output>
  </reporter-output>
  <suite started-at="2022-11-16T16:54:51Z" name="Default suite" finished-at="2022-11-16T16:54:55Z" duration-ms="4089">
    <groups>
    </groups>
    <test started-at="2022-11-16T16:54:51Z" name="Default test" finished-at="2022-11-16T16:54:55Z" duration-ms="4089">
      <class name="com.viralitymedia.testcases.TC_LoginTest_001">
        <test-method is-config="true" signature="setup()[pri:0, instance:com.viralitymedia.testcases.TC_LoginTest_001@4e5ed836]" started-at="2022-11-16T16:54:51Z" name="setup" finished-at="2022-11-16T16:54:53Z" duration-ms="2383" status="PASS">
          <reporter-output>
          </reporter-output>
        </test-method> <!-- setup -->
        <test-method signature="LoginTest()[pri:0, instance:com.viralitymedia.testcases.TC_LoginTest_001@4e5ed836]" started-at="2022-11-16T16:54:53Z" name="LoginTest" finished-at="2022-11-16T16:54:55Z" duration-ms="1670" status="PASS">
          <reporter-output>
          </reporter-output>
        </test-method> <!-- LoginTest -->
        <test-method is-config="true" signature="tearDown()[pri:0, instance:com.viralitymedia.testcases.TC_LoginTest_001@4e5ed836]" started-at="2022-11-16T16:54:55Z" name="tearDown" finished-at="2022-11-16T16:54:55Z" duration-ms="1" status="PASS">
          <reporter-output>
          </reporter-output>
        </test-method> <!-- tearDown -->
      </class> <!-- com.viralitymedia.testcases.TC_LoginTest_001 -->
    </test> <!-- Default test -->
  </suite> <!-- Default suite -->
</testng-results>
