<?xml version="1.0" encoding="UTF-8"?>
<!-- Generated by org.testng.reporters.JUnitXMLReporter -->
<testsuite ignored="0" hostname="Suraj" failures="0" tests="1" name="TestNG" time="0.032" errors="0" timestamp="23 Nov 2022 16:19:26 GMT">
  <testcase classname="com.viralitymedia.testcases.BaseClass" name="@BeforeClass setup" time="0.0">
    <failure type="org.testng.TestNGException" message="
Can inject only one of &amp;lt;ITestContext, XmlTest&amp;gt; into a @BeforeClass annotated setup.
For more information on native dependency injection please refer to http://testng.org/doc/documentation-main.html#native-dependency-injection">
      <![CDATA[org.testng.TestNGException: 
Can inject only one of <ITestContext, XmlTest> into a @BeforeClass annotated setup.
For more information on native dependency injection please refer to http://testng.org/doc/documentation-main.html#native-dependency-injection
... Removed 23 stack frames]]>
    </failure>
  </testcase> <!-- @BeforeClass setup -->
  <testcase classname="com.viralitymedia.testcases.BaseClass" name="@AfterClass tearDown" time="0.0">
    <skipped/>
  </testcase> <!-- @AfterClass tearDown -->
  <testcase classname="com.viralitymedia.testcases.TC_LoginTest_001" name="LoginTest" time="0.0">
    <skipped/>
  </testcase> <!-- LoginTest -->
</testsuite> <!-- TestNG -->
